[debug] [2018-09-04T08:55:32.070Z] ----------------------------------------------------------------------
[debug] [2018-09-04T08:55:32.075Z] Command:       C:\Program Files\nodejs\node.exe C:\Users\lovely love\AppData\Roaming\npm\node_modules\firebase-tools\bin\firebase serve
[debug] [2018-09-04T08:55:32.075Z] CLI Version:   4.2.0
[debug] [2018-09-04T08:55:32.075Z] Platform:      win32
[debug] [2018-09-04T08:55:32.075Z] Node Version:  v8.11.3
[debug] [2018-09-04T08:55:32.075Z] Time:          Tue Sep 04 2018 01:55:32 GMT-0700 (Pacific Daylight Time)
[debug] [2018-09-04T08:55:32.075Z] ----------------------------------------------------------------------
[debug] 
[debug] [2018-09-04T08:55:32.093Z] > command requires scopes: ["email","openid","https://www.googleapis.com/auth/cloudplatformprojects.readonly","https://www.googleapis.com/auth/firebase","https://www.googleapis.com/auth/cloud-platform"]
[debug] [2018-09-04T08:55:32.093Z] > authorizing via signed-in user
[debug] [2018-09-04T08:55:32.095Z] >>> HTTP REQUEST GET https://admin.firebase.com/v1/projects/geo-alpha-mandalay  
 
[debug] [2018-09-04T08:55:33.435Z] <<< HTTP RESPONSE 200
[debug] [2018-09-04T08:55:33.440Z] >>> HTTP REQUEST GET https://cloudresourcemanager.googleapis.com/v1/projects/geo-alpha-mandalay  
 
[debug] [2018-09-04T08:55:35.078Z] <<< HTTP RESPONSE 200
[info] 
[info] === Serving from 'C:\Users\Real-etd'...
[info] 
[debug] [2018-09-04T08:55:35.083Z] >>> HTTP REQUEST GET https://mobilesdk-pa.googleapis.com/v1/projects/764863991441/clients/_:getWebAppConfig  
 
[debug] [2018-09-04T08:55:36.215Z] <<< HTTP RESPONSE 200
[info] i  hosting[geo-alpha-mandalay]: Serving hosting files from: public
[info] +  hosting[geo-alpha-mandalay]: Local server: http://localhost:5000
